Error: ENOENT: no such file or directory, stat 'g:\daybyday3\md文档\.~自用-收集整理.md'
	at fs.statSync (fs.js:954:11)
	at Object.fs.statSync (ELECTRON_ASAR.js:295:16)
	at Object.statSync (C:\Users\HP\.vscode\extensions\qiu8310.dot-template-vscode-0.0.7\node_modules\graceful-fs\polyfills.js:297:22)
	at C:\Users\HP\.vscode\extensions\qiu8310.dot-template-vscode-0.0.7\node_modules\dot-template-core\out\core\Application.js:94:48
	at Array.forEach (<anonymous>)
	at Application.<anonymous> (C:\Users\HP\.vscode\extensions\qiu8310.dot-template-vscode-0.0.7\node_modules\dot-template-core\out\core\Application.js:91:34)
	at step (C:\Users\HP\.vscode\extensions\qiu8310.dot-template-vscode-0.0.7\node_modules\tslib\tslib.js:133:27)
	at Object.next (C:\Users\HP\.vscode\extensions\qiu8310.dot-template-vscode-0.0.7\node_modules\tslib\tslib.js:114:57)
	at C:\Users\HP\.vscode\extensions\qiu8310.dot-template-vscode-0.0.7\node_modules\tslib\tslib.js:107:75
	at new Promise (<anonymous>)
	at Object.__awaiter (C:\Users\HP\.vscode\extensions\qiu8310.dot-template-vscode-0.0.7\node_modules\tslib\tslib.js:103:16)
	at run (C:\Users\HP\.vscode\extensions\qiu8310.dot-template-vscode-0.0.7\node_modules\dot-template-core\out\core\Application.js:84:48)
	at Application.<anonymous> (C:\Users\HP\.vscode\extensions\qiu8310.dot-template-vscode-0.0.7\node_modules\dot-template-core\out\core\Application.js:153:50)
	at step (C:\Users\HP\.vscode\extensions\qiu8310.dot-template-vscode-0.0.7\node_modules\tslib\tslib.js:133:27)
	at Object.next (C:\Users\HP\.vscode\extensions\qiu8310.dot-template-vscode-0.0.7\node_modules\tslib\tslib.js:114:57)
	at C:\Users\HP\.vscode\extensions\qiu8310.dot-template-vscode-0.0.7\node_modules\tslib\tslib.js:107:75
	at new Promise (<anonymous>)
	at Object.__awaiter (C:\Users\HP\.vscode\extensions\qiu8310.dot-template-vscode-0.0.7\node_modules\tslib\tslib.js:103:16)
	at Timeout._onTimeout (C:\Users\HP\.vscode\extensions\qiu8310.dot-template-vscode-0.0.7\node_modules\dot-template-core\out\core\Application.js:144:59)
	at ontimeout (timers.js:475:11)
	at tryOnTimeout (timers.js:310:5)
	at Timer.listOnTimeout (timers.js:270:5)